make all --print-data-base --no-builtin-variables --no-builtin-rules --question
# GNU Make 3.81
# Copyright (C) 2006  Free Software Foundation, Inc.
# This is free software; see the source for copying conditions.
# There is NO warranty; not even for MERCHANTABILITY or FITNESS FOR A
# PARTICULAR PURPOSE.

# This program built for i386-apple-darwin11.3.0
 

# Make data base, printed on Wed Sep  7 18:07:02 2022

# Variables

# automatic
<D = $(patsubst %/,%,$(dir $<))
# automatic
?F = $(notdir $?)
# environment
ELECTRON_NO_ATTACH_CONSOLE = 1
# environment
LC_CTYPE = UTF-8
# automatic
?D = $(patsubst %/,%,$(dir $?))
# automatic
@D = $(patsubst %/,%,$(dir $@))
# automatic
@F = $(notdir $@)
# makefile
CURDIR := /Users/rudihermanto/dotfiles
# makefile
SHELL = /bin/sh
# environment
VSCODE_NLS_CONFIG = {"locale":"en-us","availableLanguages":{},"_languagePackSupport":true}
# environment
_ = /usr/bin/make
# makefile (from `Makefile', line 1)
MAKEFILE_LIST :=  Makefile
# environment
__CFBundleIdentifier = com.microsoft.VSCode
# environment
VSCODE_CWD = /Users/rudihermanto/dotfiles
# environment
ALACRITTY_SOCKET = /var/folders/mf/g7_4gc3d3ss7wgj3nxngmzqr0000gn/T/Alacritty-57990.sock
# environment
PATH = /usr/local/opt/mysql-client/bin:/usr/local/opt/openssl@1.1/bin:/Users/rudihermanto/.pyenv/bin:/opt/homebrew/sbin:/opt/homebrew/bin:/opt/homebrew/opt/openvpn/sbin:/usr/local/opt/python@3.9/libexec/bin:/usr/local/sbin:/Users/rudihermanto/go/bin:/usr/local/bin:/usr/bin:/bin:/usr/sbin:/sbin:/Library/Apple/usr/bin
# environment
ALACRITTY_LOG = /var/folders/mf/g7_4gc3d3ss7wgj3nxngmzqr0000gn/T/Alacritty-57990.log
# environment
GOPATH = /Users/rudihermanto/go
# environment
ELECTRON_RUN_AS_NODE = 1
# environment
PYENV_ROOT = /Users/rudihermanto/.pyenv
# default
.FEATURES := target-specific order-only second-expansion else-if archives jobserver check-symlink
# environment
SSH_AUTH_SOCK = /private/tmp/com.apple.launchd.q279lHWSJ8/Listeners
# automatic
%F = $(notdir $%)
# environment
GOBIN = /Users/rudihermanto/go/bin
# environment
TMUX_PANE = %0
# environment
PWD = /Users/rudihermanto/dotfiles
# environment
ORIGINAL_XDG_CURRENT_DESKTOP = undefined
# environment
VSCODE_AMD_ENTRYPOINT = vs/workbench/api/node/extensionHostProcess
# environment
HOME = /Users/rudihermanto
# default
MAKEFILEPATH := /Applications/Xcode.app/Contents/Developer/Makefiles
# environment
VSCODE_CLI = 1
# environment
VSCODE_CODE_CACHE_PATH = /Users/rudihermanto/Library/Application Support/Code/CachedData/784b0177c56c607789f9638da7b6bf3230d47a8c
# environment
LOGNAME = rudihermanto
# environment
APPLICATION_INSIGHTS_NO_DIAGNOSTIC_CHANNEL = 1
# environment
VSCODE_HANDLES_UNCAUGHT_ERRORS = true
# automatic
^D = $(patsubst %/,%,$(dir $^))
# environment
XPC_FLAGS = 0x0
# environment
COLORTERM = truecolor
# default
MAKE = $(MAKE_COMMAND)
# default
MAKECMDGOALS := all
# environment
SHLVL = 3
# default
MAKE_VERSION := 3.81
# environment
USER = rudihermanto
# makefile
.DEFAULT_GOAL := all
# automatic
%D = $(patsubst %/,%,$(dir $%))
# default
MAKE_COMMAND := /Applications/Xcode.app/Contents/Developer/usr/bin/make
# environment
TERM_PROGRAM = tmux
# default
.VARIABLES := 
# environment
TMPDIR = /var/folders/mf/g7_4gc3d3ss7wgj3nxngmzqr0000gn/T/
# automatic
*F = $(notdir $*)
# environment
VSCODE_IPC_HOOK = /Users/rudihermanto/Library/Application Support/Code/1.71.0-main.sock
# environment
MallocNanoZone = 0
# makefile
MAKEFLAGS = Rrqp
# environment
MFLAGS = -Rrqp
# automatic
*D = $(patsubst %/,%,$(dir $*))
# environment
TERM_PROGRAM_VERSION = 3.3a
# environment
XPC_SERVICE_NAME = application.com.microsoft.VSCode.24806886.24806892.5B1D7FDB-BA55-4647-B76C-D6C2107157BC
# automatic
+D = $(patsubst %/,%,$(dir $+))
# environment
TMUX = /private/tmp/tmux-501/default,57993,0
# automatic
+F = $(notdir $+)
# environment
__CF_USER_TEXT_ENCODING = 0x1F5:0x0:0x0
# environment
COMMAND_MODE = unix2003
# default
MAKEFILES := 
# automatic
<F = $(notdir $<)
# environment
GOPRIVATE = go.bukalapak.io
# environment
EDITOR = vim
# environment
LC_ALL = C
# automatic
^F = $(notdir $^)
# default
SUFFIXES := 
# default
.INCLUDE_DIRS = /usr/local/include
# environment
MAKELEVEL := 0
# environment
LANG = C
# environment
TERM = screen-256color
# environment
VSCODE_PID = 62713
# variable set hash-table stats:
# Load=74/1024=7%, Rehash=0, Collisions=2/112=2%

# Pattern-specific Variable Values

# No pattern-specific variable values.

# Directories

# . (device 16777230, inode 7717201): 25 files, no impossibilities.

# 25 files, no impossibilities in 1 directories.

# Implicit Rules

# No implicit rules.

# Files

all: sync
#  Phony target (prerequisite of .PHONY).
#  Command-line target.
#  Implicit rule search has not been done.
#  File does not exist.
#  File has been updated.
#  Needs to be updated (-q is set).
# variable set hash-table stats:
# Load=0/32=0%, Rehash=0, Collisions=0/14=0%

.PHONY: all clean sync
#  Implicit rule search has not been done.
#  Modification time never checked.
#  File has not been updated.

# Not a target:
.SUFFIXES:
#  Implicit rule search has not been done.
#  Modification time never checked.
#  File has not been updated.

# Not a target:
Makefile:
#  Implicit rule search has been done.
#  Last modified 2022-03-18 23:55:06
#  File has been updated.
#  Successfully updated.
# variable set hash-table stats:
# Load=0/32=0%, Rehash=0, Collisions=0/0=0%

sync:
#  Phony target (prerequisite of .PHONY).
#  Implicit rule search has not been done.
#  Implicit/static pattern stem: `'
#  File does not exist.
#  File has been updated.
#  Needs to be updated (-q is set).
# automatic
# @ := sync
# automatic
# % := 
# automatic
# * := 
# automatic
# + := 
# automatic
# | := 
# automatic
# < := 
# automatic
# ^ := 
# automatic
# ? := 
# variable set hash-table stats:
# Load=8/32=25%, Rehash=0, Collisions=1/22=5%
#  commands to execute (from `Makefile', line 4):
	mkdir -p ~/.config/alacritty
	mkdir -p ~/.config/fish
	mkdir -p ~/.tmux/
	[ -f ~/.config/alacritty/alacritty.yml ] || ln -s $(PWD)/alacritty.yml ~/.config/alacritty/alacritty.yml
	[ -f ~/.config/alacritty/color.yml ] || ln -s $(PWD)/color.yml ~/.config/alacritty/color.yml
	[ -f ~/.config/fish/config.fish ] || ln -s $(PWD)/config.fish ~/.config/fish/config.fish
	[ -d ~/.config/fish/functions/ ] || ln -s $(PWD)/fish/functions ~/.config/fish/functions
	[ -f ~/.vimrc ] || ln -s $(PWD)/vimrc ~/.vimrc
	[ -f ~/.tmux.conf ] || ln -s $(PWD)/tmuxconf ~/.tmux.conf
	[ -f ~/.tmux/tmux-dark.conf ] || ln -s $(PWD)/tmux-dark.conf ~/.tmux/tmux-dark.conf
	[ -f ~/.tmux/tmux-light.conf ] || ln -s $(PWD)/tmux-light.conf ~/.tmux/tmux-light.conf
	[ -f ~/.tigrc ] || ln -s $(PWD)/tigrc ~/.tigrc
	[ -f ~/.gitconfig ] || ln -s $(PWD)/gitconfig ~/.gitconfig
	[ -f ~/.agignore ] || ln -s $(PWD)/agignore ~/.agignore
	[ -f ~/Library/LaunchAgents/io.arslan.dark-mode-notify.plist ] || ln -s $(PWD)/io.arslan.dark-mode-notify.plist ~/Library/LaunchAgents/io.arslan.dark-mode-notify.plist
	# don't show last login message
	touch ~/.hushlogin
	

# Not a target:
.DEFAULT:
#  Implicit rule search has not been done.
#  Modification time never checked.
#  File has not been updated.

clean:
#  Phony target (prerequisite of .PHONY).
#  Implicit rule search has not been done.
#  File does not exist.
#  File has not been updated.
#  commands to execute (from `Makefile', line 25):
	rm -f ~/.vimrc 
	rm -f ~/.config/alacritty/alacritty.yml
	rm -f ~/.config/alacritty/color.yml
	rm -f ~/.config/fish/config.fish
	rm -f ~/.config/fish/functions/
	rm -f ~/.tmux.conf
	rm -f ~/.tigrc
	rm -f ~/.gitconfig
	rm -f ~/.agignore
	rm -f ~/.agignore
	rm -f ~/Library/LaunchAgents/io.arslan.dark-mode-notify.plist
	

# files hash-table stats:
# Load=7/1024=1%, Rehash=0, Collisions=0/25=0%
# VPATH Search Paths

# No `vpath' search paths.

# No general (`VPATH' variable) search path.

# # of strings in strcache: 1
# # of strcache buffers: 1
# strcache size: total = 4096 / max = 4096 / min = 4096 / avg = 4096
# strcache free: total = 4087 / max = 4087 / min = 4087 / avg = 4087

# Finished Make data base on Wed Sep  7 18:07:02 2022

 
